<?xml version="1.0" encoding="UTF-8"?>
<!-- Generated by org.testng.reporters.JUnitReportReporter -->
<testsuite hostname="nooslvdi002262" failures="0" tests="2" name="interview.testCases.TestCases_Searching" time="79.853" errors="0" timestamp="2022-08-26T00:19:46 IST" skipped="0">
  <testcase classname="interview.testCases.TestCases_Searching" name="Access_Product_Via_Search" time="7.547"/>
  <system-out/>
  <testcase classname="interview.testCases.TestCases_Searching" name="Access_Product_using_Filter" time="72.306"/>
  <system-out/>
</testsuite> <!-- interview.testCases.TestCases_Searching -->
