<?xml version="1.0" encoding="UTF-8"?>
<!-- Generated by org.testng.reporters.JUnitReportReporter -->
<testsuite hostname="nooslvdi002262" failures="0" tests="2" name="interview.testCases.TestCases_Searching" time="78.592" errors="0" timestamp="2022-08-25T23:23:50 IST" skipped="0">
  <testcase classname="interview.testCases.TestCases_Searching" name="Access_Product_Via_Search" time="7.223"/>
  <system-out/>
  <testcase classname="interview.testCases.TestCases_Searching" name="Access_Product_using_Filter" time="71.369"/>
  <system-out/>
</testsuite> <!-- interview.testCases.TestCases_Searching -->
